<?xml version="1.0" encoding="UTF-8"?>
<testng-results ignored="0" total="1" passed="1" failed="0" skipped="0">
  <reporter-output>
  </reporter-output>
  <suite started-at="2022-04-12T17:29:19 IST" name="Default suite" finished-at="2022-04-12T17:29:26 IST" duration-ms="7074">
    <groups>
    </groups>
    <test started-at="2022-04-12T17:29:19 IST" name="Default test" finished-at="2022-04-12T17:29:26 IST" duration-ms="7074">
      <class name="org.prac.TaskCss">
        <test-method signature="topOperators()[pri:0, instance:org.prac.TaskCss@73e22a3d]" started-at="2022-04-12T17:29:19 IST" name="topOperators" finished-at="2022-04-12T17:29:26 IST" duration-ms="7032" status="PASS">
          <reporter-output>
          </reporter-output>
        </test-method> <!-- topOperators -->
      </class> <!-- org.prac.TaskCss -->
    </test> <!-- Default test -->
  </suite> <!-- Default suite -->
</testng-results>
